<?xml version="1.0" encoding="UTF-8"?>
<!-- Generated by org.testng.reporters.JUnitReportReporter -->
<testsuite hostname="DESKTOP-O29OAAI" failures="0" tests="2" name="TestNGConcept.BeforeAndAfterClass" time="0.012" errors="0" timestamp="2024-10-13T17:16:07 IST" skipped="0">
  <testcase classname="TestNGConcept.BeforeAndAfterClass" name="search" time="0.002"/>
  <system-out/>
  <testcase classname="TestNGConcept.BeforeAndAfterClass" name="advanceSearch" time="0.010"/>
  <system-out/>
</testsuite> <!-- TestNGConcept.BeforeAndAfterClass -->
