<?xml version="1.0" encoding="UTF-8"?>
<!-- Generated by org.testng.reporters.JUnitReportReporter -->
<testsuite hostname="DESKTOP-O29OAAI" failures="0" tests="2" name="TestNGConcept.AnnotationsDemo" time="0.019" errors="0" timestamp="2024-10-13T17:02:51 IST" skipped="0">
  <testcase classname="TestNGConcept.AnnotationsDemo" name="advanceSearch" time="0.006"/>
  <system-out>
    <![CDATA[Advance Search Method -- @Test]]>
  </system-out>
  <testcase classname="TestNGConcept.AnnotationsDemo" name="search" time="0.013"/>
  <system-out>
    <![CDATA[Search method -- @test]]>
  </system-out>
</testsuite> <!-- TestNGConcept.AnnotationsDemo -->
