<?xml version="1.0" encoding="UTF-8"?>
<!-- Generated by org.testng.reporters.JUnitReportReporter -->
<testsuite hostname="DESKTOP-O29OAAI" failures="0" tests="1" name="GroupingConceptInTestNG.PaymentTest" time="0.002" errors="0" timestamp="2024-10-14T15:03:08 IST" skipped="0">
  <testcase classname="GroupingConceptInTestNG.PaymentTest" name="paymentInEuro" time="0.002"/>
  <system-out/>
</testsuite> <!-- GroupingConceptInTestNG.PaymentTest -->
