<?xml version="1.0" encoding="UTF-8"?>
<!-- Generated by org.testng.reporters.JUnitReportReporter -->
<testsuite hostname="DESKTOP-O29OAAI" failures="0" tests="1" name="PageObjectModel.LoginTest" time="6.537" errors="0" timestamp="2024-10-19T18:40:28 IST" skipped="0">
  <testcase classname="PageObjectModel.LoginTest" name="loginTest" time="6.537"/>
  <system-out/>
</testsuite> <!-- PageObjectModel.LoginTest -->
