<?xml version="1.0" encoding="UTF-8"?>
<!-- Generated by org.testng.reporters.JUnitReportReporter -->
<testsuite hostname="DESKTOP-O29OAAI" failures="0" tests="4" name="TestNGConcept.BeforeAndAfterTest1" time="0.058" errors="0" timestamp="2024-10-13T17:56:55 IST" skipped="0">
  <testcase classname="TestNGConcept.BeforeAndAfterTest1" name="advanceSearch" time="0.003"/>
  <system-out>
    <![CDATA[Advance Search Method -- @Test]]>
  </system-out>
  <testcase classname="TestNGConcept.BeforeAndAfterTest1" name="advanceSearch" time="0.045"/>
  <system-out>
    <![CDATA[Advance Search Method -- @Test]]>
  </system-out>
  <testcase classname="TestNGConcept.BeforeAndAfterTest1" name="search" time="0.004"/>
  <system-out>
    <![CDATA[Search method -- @test]]>
  </system-out>
  <testcase classname="TestNGConcept.BeforeAndAfterTest1" name="search" time="0.006"/>
  <system-out>
    <![CDATA[Search method -- @test]]>
  </system-out>
</testsuite> <!-- TestNGConcept.BeforeAndAfterTest1 -->
