<?xml version="1.0" encoding="UTF-8"?>
<!-- Generated by org.testng.reporters.JUnitReportReporter -->
<testsuite hostname="DESKTOP-O29OAAI" failures="0" tests="3" name="ParametrizationInTestNG.ParamTestingConcept" time="5.145" errors="0" timestamp="2024-10-14T19:19:43 IST" skipped="0">
  <testcase classname="ParametrizationInTestNG.ParamTestingConcept" name="logoTest" time="5.037"/>
  <system-out/>
  <testcase classname="ParametrizationInTestNG.ParamTestingConcept" name="titleTest" time="0.058"/>
  <system-out/>
  <testcase classname="ParametrizationInTestNG.ParamTestingConcept" name="urlTest" time="0.050"/>
  <system-out/>
</testsuite> <!-- ParametrizationInTestNG.ParamTestingConcept -->
