<?xml version="1.0" encoding="UTF-8"?>
<!-- Generated by org.testng.reporters.JUnitReportReporter -->
<testsuite hostname="DESKTOP-O29OAAI" failures="0" tests="4" name="TestNGConcept.BeforeAndAfterTest2" time="0.029" errors="0" timestamp="2024-10-13T17:56:55 IST" skipped="0">
  <testcase classname="TestNGConcept.BeforeAndAfterTest2" name="advanceSearch" time="0.004"/>
  <system-out>
    <![CDATA[Advance Search Method  2 -- @Test]]>
  </system-out>
  <testcase classname="TestNGConcept.BeforeAndAfterTest2" name="search" time="0.008"/>
  <system-out>
    <![CDATA[Search method 1 -- @test]]>
  </system-out>
  <testcase classname="TestNGConcept.BeforeAndAfterTest2" name="advanceSearch" time="0.002"/>
  <system-out>
    <![CDATA[Advance Search Method  2 -- @Test]]>
  </system-out>
  <testcase classname="TestNGConcept.BeforeAndAfterTest2" name="search" time="0.015"/>
  <system-out>
    <![CDATA[Search method 1 -- @test]]>
  </system-out>
</testsuite> <!-- TestNGConcept.BeforeAndAfterTest2 -->
