<?xml version="1.0" encoding="UTF-8"?>
<!-- Generated by org.testng.reporters.JUnitReportReporter -->
<testsuite hostname="DESKTOP-O29OAAI" failures="0" tests="1" name="TestNGConcept.SoftAssertion" time="0.020" errors="0" timestamp="2024-10-13T18:43:52 IST" skipped="0">
  <testcase classname="TestNGConcept.SoftAssertion" name="softAssertionTest" time="0.020"/>
  <system-out/>
</testsuite> <!-- TestNGConcept.SoftAssertion -->
