<?xml version="1.0" encoding="UTF-8"?>
<!-- Generated by org.testng.reporters.JUnitReportReporter -->
<testsuite hostname="DESKTOP-O29OAAI" failures="0" tests="4" name="TestNGConcept.OrangeHRM" time="14.266" errors="0" timestamp="2024-10-13T16:29:39 IST" skipped="0">
  <testcase classname="TestNGConcept.OrangeHRM" name="launchApplication" time="9.093"/>
  <system-out/>
  <testcase classname="TestNGConcept.OrangeHRM" name="testLogo" time="3.066"/>
  <system-out/>
  <testcase classname="TestNGConcept.OrangeHRM" name="loginApplicaiton" time="1.707"/>
  <system-out/>
  <testcase classname="TestNGConcept.OrangeHRM" name="logoutApplication" time="0.400"/>
  <system-out/>
</testsuite> <!-- TestNGConcept.OrangeHRM -->
