<?xml version="1.0" encoding="UTF-8"?>
<!-- Generated by org.testng.reporters.JUnitReportReporter -->
<testsuite hostname="DESKTOP-O29OAAI" failures="0" tests="1" name="GroupingConceptInTestNG.LoginTest" time="0.039" errors="0" timestamp="2024-10-14T15:03:08 IST" skipped="0">
  <testcase classname="GroupingConceptInTestNG.LoginTest" name="loginByEmail" time="0.039"/>
  <system-out/>
</testsuite> <!-- GroupingConceptInTestNG.LoginTest -->
